Performing C SOURCE FILE Test CMAKE_HAVE_LIBC_PTHREAD failed with the following output:
Change Dir: /home/quinton/Desktop/rm2023_ws/build/rm_controls_chassis/CMakeFiles/CMakeTmp

Run Build Command(s):/usr/bin/make cmTC_c1985/fast && /usr/bin/make -f CMakeFiles/cmTC_c1985.dir/build.make CMakeFiles/cmTC_c1985.dir/build
make[1]: 进入目录“/home/quinton/Desktop/rm2023_ws/build/rm_controls_chassis/CMakeFiles/CMakeTmp”
Building C object CMakeFiles/cmTC_c1985.dir/src.c.o
/usr/bin/cc   -DCMAKE_HAVE_LIBC_PTHREAD   -o CMakeFiles/cmTC_c1985.dir/src.c.o   -c /home/quinton/Desktop/rm2023_ws/build/rm_controls_chassis/CMakeFiles/CMakeTmp/src.c
Linking C executable cmTC_c1985
/usr/bin/cmake -E cmake_link_script CMakeFiles/cmTC_c1985.dir/link.txt --verbose=1
/usr/bin/cc  -DCMAKE_HAVE_LIBC_PTHREAD    -rdynamic CMakeFiles/cmTC_c1985.dir/src.c.o  -o cmTC_c1985 
/usr/bin/ld: 当搜索用于 /home/quinton//gcc-arm-none-eabi-10.3-2021.10/arm-none-eabi/bin/../lib/libc.a 时跳过不兼容的 -lc
/usr/bin/ld: CMakeFiles/cmTC_c1985.dir/src.c.o: in function `main':
src.c:(.text+0x46): undefined reference to `pthread_create'
/usr/bin/ld: src.c:(.text+0x52): undefined reference to `pthread_detach'
/usr/bin/ld: src.c:(.text+0x63): undefined reference to `pthread_join'
collect2: error: ld returned 1 exit status
make[1]: *** [CMakeFiles/cmTC_c1985.dir/build.make:87：cmTC_c1985] 错误 1
make[1]: 离开目录“/home/quinton/Desktop/rm2023_ws/build/rm_controls_chassis/CMakeFiles/CMakeTmp”
make: *** [Makefile:121：cmTC_c1985/fast] 错误 2


Source file was:
#include <pthread.h>

void* test_func(void* data)
{
  return data;
}

int main(void)
{
  pthread_t thread;
  pthread_create(&thread, NULL, test_func, NULL);
  pthread_detach(thread);
  pthread_join(thread, NULL);
  pthread_atfork(NULL, NULL, NULL);
  pthread_exit(NULL);

  return 0;
}

Determining if the function pthread_create exists in the pthreads failed with the following output:
Change Dir: /home/quinton/Desktop/rm2023_ws/build/rm_controls_chassis/CMakeFiles/CMakeTmp

Run Build Command(s):/usr/bin/make cmTC_d104c/fast && /usr/bin/make -f CMakeFiles/cmTC_d104c.dir/build.make CMakeFiles/cmTC_d104c.dir/build
make[1]: 进入目录“/home/quinton/Desktop/rm2023_ws/build/rm_controls_chassis/CMakeFiles/CMakeTmp”
Building C object CMakeFiles/cmTC_d104c.dir/CheckFunctionExists.c.o
/usr/bin/cc   -DCHECK_FUNCTION_EXISTS=pthread_create   -o CMakeFiles/cmTC_d104c.dir/CheckFunctionExists.c.o   -c /usr/share/cmake-3.16/Modules/CheckFunctionExists.c
Linking C executable cmTC_d104c
/usr/bin/cmake -E cmake_link_script CMakeFiles/cmTC_d104c.dir/link.txt --verbose=1
/usr/bin/cc  -DCHECK_FUNCTION_EXISTS=pthread_create    -rdynamic CMakeFiles/cmTC_d104c.dir/CheckFunctionExists.c.o  -o cmTC_d104c  -lpthreads 
/usr/bin/ld: 找不到 -lpthreads
collect2: error: ld returned 1 exit status
make[1]: *** [CMakeFiles/cmTC_d104c.dir/build.make:87：cmTC_d104c] 错误 1
make[1]: 离开目录“/home/quinton/Desktop/rm2023_ws/build/rm_controls_chassis/CMakeFiles/CMakeTmp”
make: *** [Makefile:121：cmTC_d104c/fast] 错误 2



