In file included from [01m[K/opt/ros/noetic/include/ros/serialization.h:37[m[K,
                 from [01m[K/opt/ros/noetic/include/rm_msgs/DbusData.h:14[m[K,
                 from [01m[K/home/quinton/Desktop/rm2023_ws/src/rm2023_dbus/include/rm2023_dbus/dbus2023.h:42[m[K,
                 from [01m[K/home/quinton/Desktop/rm2023_ws/src/rm2023_dbus/include/rm2023_dbus/dbus_node.h:40[m[K,
                 from [01m[K/home/quinton/Desktop/rm2023_ws/src/rm2023_dbus/src/dbus_node.cpp:38[m[K:
/opt/ros/noetic/include/ros/message_traits.h: In instantiation of ‘[01m[Kstatic const char* ros::message_traits::MD5Sum<M>::value(const M&) [with M = double][m[K’:
[01m[K/opt/ros/noetic/include/ros/message_traits.h:254:102:[m[K   required from ‘[01m[Kconst char* ros::message_traits::md5sum(const M&) [with M = double][m[K’
[01m[K/opt/ros/noetic/include/ros/publisher.h:117:38:[m[K   required from ‘[01m[Kvoid ros::Publisher::publish(const M&) const [with M = double][m[K’
[01m[K/home/quinton/Desktop/rm2023_ws/src/rm2023_dbus/src/dbus_node.cpp:50:29:[m[K   required from here
[01m[K/opt/ros/noetic/include/ros/message_traits.h:125:14:[m[K [01;31m[Kerror: [m[Krequest for member ‘[01m[K__getMD5Sum[m[K’ in ‘[01m[Km[m[K’, which is of non-class type ‘[01m[Kconst double[m[K’
  125 |     return [01;31m[Km.__getMD5Sum[m[K().c_str();
      |            [01;31m[K~~^~~~~~~~~~~[m[K
/opt/ros/noetic/include/ros/message_traits.h: In instantiation of ‘[01m[Kstatic const char* ros::message_traits::DataType<M>::value(const M&) [with M = double][m[K’:
[01m[K/opt/ros/noetic/include/ros/message_traits.h:263:104:[m[K   required from ‘[01m[Kconst char* ros::message_traits::datatype(const M&) [with M = double][m[K’
[01m[K/opt/ros/noetic/include/ros/publisher.h:119:11:[m[K   required from ‘[01m[Kvoid ros::Publisher::publish(const M&) const [with M = double][m[K’
[01m[K/home/quinton/Desktop/rm2023_ws/src/rm2023_dbus/src/dbus_node.cpp:50:29:[m[K   required from here
[01m[K/opt/ros/noetic/include/ros/message_traits.h:142:14:[m[K [01;31m[Kerror: [m[Krequest for member ‘[01m[K__getDataType[m[K’ in ‘[01m[Km[m[K’, which is of non-class type ‘[01m[Kconst double[m[K’
  142 |     return [01;31m[Km.__getDataType[m[K().c_str();
      |            [01;31m[K~~^~~~~~~~~~~~~[m[K
make[2]: *** [CMakeFiles/rm2023_dbus.dir/build.make:63：CMakeFiles/rm2023_dbus.dir/src/dbus_node.cpp.o] 错误 1
make[1]: *** [CMakeFiles/Makefile2:413：CMakeFiles/rm2023_dbus.dir/all] 错误 2
make: *** [Makefile:141：all] 错误 2
