[01m[K/home/quinton/Desktop/rm2023_ws/src/rm2023_dbus/src/dbus.cpp:[m[K In member function ‘[01m[Kvoid DBus::read()[m[K’:
[01m[K/home/quinton/Desktop/rm2023_ws/src/rm2023_dbus/src/dbus.cpp:121:3:[m[K [01;31m[Kerror: [m[K‘[01m[KprintDbus[m[K’ was not declared in this scope
  121 |   [01;31m[KprintDbus[m[K();
      |   [01;31m[K^~~~~~~~~[m[K
[01m[K/home/quinton/Desktop/rm2023_ws/src/rm2023_dbus/src/dbus.cpp:[m[K In function ‘[01m[Kvoid printDbus()[m[K’:
[01m[K/home/quinton/Desktop/rm2023_ws/src/rm2023_dbus/src/dbus.cpp:137:19:[m[K [01;31m[Kerror: [m[K‘[01m[Kbuff_[m[K’ was not declared in this scope
  137 |     print("%x \n",[01;31m[Kbuff_[m[K[i]);
      |                   [01;31m[K^~~~~[m[K
[01m[K/home/quinton/Desktop/rm2023_ws/src/rm2023_dbus/src/dbus.cpp:137:5:[m[K [01;31m[Kerror: [m[K‘[01m[Kprint[m[K’ was not declared in this scope
  137 |     [01;31m[Kprint[m[K("%x \n",buff_[i]);
      |     [01;31m[K^~~~~[m[K
[01m[K/home/quinton/Desktop/rm2023_ws/src/rm2023_dbus/src/dbus.cpp:137:5:[m[K [01;36m[Knote: [m[Ksuggested alternatives:
In file included from [01m[K/opt/ros/noetic/include/ros/ros.h:40[m[K,
                 from [01m[K/home/quinton/Desktop/rm2023_ws/src/rm2023_dbus/src/dbus.cpp:39[m[K:
[01m[K/opt/ros/noetic/include/ros/console.h:165:22:[m[K [01;36m[Knote: [m[K  ‘[01m[Kros::console::print[m[K’
  165 | ROSCONSOLE_DECL void [01;36m[Kprint[m[K(FilterBase* filter, void* logger, Level level,
      |                      [01;36m[K^~~~~[m[K
In file included from [01m[K/opt/ros/noetic/include/ros/console.h:35[m[K,
                 from [01m[K/opt/ros/noetic/include/ros/ros.h:40[m[K,
                 from [01m[K/home/quinton/Desktop/rm2023_ws/src/rm2023_dbus/src/dbus.cpp:39[m[K:
[01m[K/opt/ros/noetic/include/ros/console_backend.h:73:30:[m[K [01;36m[Knote: [m[K  ‘[01m[Kros::console::backend::print[m[K’
   73 | ROSCONSOLE_BACKEND_DECL void [01;36m[Kprint[m[K(void* logger_handle, ::ros::console::Level level, const char* str, const char* file, const char* function, int line);
      |                              [01;36m[K^~~~~[m[K
make[2]: *** [CMakeFiles/rm2023_dbus.dir/build.make:76：CMakeFiles/rm2023_dbus.dir/src/dbus.cpp.o] 错误 1
make[1]: *** [CMakeFiles/Makefile2:413：CMakeFiles/rm2023_dbus.dir/all] 错误 2
make: *** [Makefile:141：all] 错误 2
